<?xml version="1.0" encoding="UTF-8" standalone="yes"?>
<testsuites name="HWTestSuite2" time="110" tests="2" failures="0" errors="0">
    <testsuite name="HWTestSuite2" tests="2" failures="0" errors="0" time="110" timestamp="2019-08-26 18:02:34" hostname="romi.weiss - VAN-BT-L021.1800GOTJUNK.com" id="Test Suites/Day1_Homework/HWTestSuite2">
        <properties>
            <property name="deviceName" value=""/>
            <property name="devicePlatform" value=""/>
            <property name="logFolder" value="C:\\Users\\romi.weiss\\KatalonDemo_Aug26\\Reports\\20190826_180226\\Day1_Homework\\HWTestSuite2\\20190826_180227"/>
            <property name="logFiles" value="C:\\Users\\romi.weiss\\KatalonDemo_Aug26\\Reports\\20190826_180226\\Day1_Homework\\HWTestSuite2\\20190826_180227\\execution0.log"/>
            <property name="attachments" value=""/>
            <property name="hostName" value="romi.weiss - VAN-BT-L021.1800GOTJUNK.com"/>
            <property name="os" value="Windows 10 64bit"/>
            <property name="katalonVersion" value="6.3.2.4"/>
            <property name="browser" value="Chrome 76.0.3809.100"/>
            <property name="hostAddress" value="10.101.2.14"/>
            <property name="sessionId" value="59323a2e62941b99cb23bc3d7278f77d"/>
            <property name="seleniumVersion" value="3.141.59"/>
            <property name="proxyInformation" value="ProxyInformation{proxyOption=NO_PROXY, proxyServerType=HTTP, password=, proxyServerAddress=, proxyServerPort=0}"/>
            <property name="platform" value="Windows 10"/>
        </properties>
        <testcase name="Test Cases/Day1_Homework/HWTestCase2_manual" classname="Test Cases/Day1_Homework/HWTestCase2_manual" status="PASSED">
            <system-out>2019-08-26 18:02:35 - [TEST_CASE][PASSED] - Test Cases/Day1_Homework/HWTestCase2_manual: Test Cases/Day1_Homework/HWTestCase2_manual&#xD;
&#xD;
2019-08-26 18:02:36 - [TEST_STEP][PASSED] - openBrowser(""): Browser is opened with url: ''&#xD;
&#xD;
2019-08-26 18:02:37 - [MESSAGE][INFO] - Starting 'Chrome' driver&#xD;
&#xD;
2019-08-26 18:02:37 - [MESSAGE][INFO] - Action delay is set to 0 seconds&#xD;
&#xD;
2019-08-26 18:02:45 - [MESSAGE][PASSED] - Browser is opened with url: ''&#xD;
&#xD;
2019-08-26 18:02:45 - [TEST_STEP][PASSED] - navigateToUrl("https://www.allrecipes.com"): Navigate to 'https://www.allrecipes.com' successfully&#xD;
&#xD;
2019-08-26 18:03:05 - [MESSAGE][PASSED] - Navigate to 'https://www.allrecipes.com' successfully&#xD;
&#xD;
2019-08-26 18:03:05 - [TEST_STEP][PASSED] - click(findTestObject("Page_Allrecipes  Food friends and recipe inspiration/div_img-profile-userhead-dims")): Object: 'Object Repository/Page_Allrecipes  Food friends and recipe inspiration/div_img-profile-userhead-dims' is clicked on&#xD;
&#xD;
2019-08-26 18:03:09 - [MESSAGE][PASSED] - Object: 'Object Repository/Page_Allrecipes  Food friends and recipe inspiration/div_img-profile-userhead-dims' is clicked on&#xD;
&#xD;
2019-08-26 18:03:09 - [TEST_STEP][PASSED] - click(findTestObject("Page_Allrecipes - Authentication Welcome/span_Sign in")): Object: 'Object Repository/Page_Allrecipes - Authentication Welcome/span_Sign in' is clicked on&#xD;
&#xD;
2019-08-26 18:03:10 - [MESSAGE][PASSED] - Object: 'Object Repository/Page_Allrecipes - Authentication Welcome/span_Sign in' is clicked on&#xD;
&#xD;
2019-08-26 18:03:10 - [TEST_STEP][PASSED] - setText(findTestObject("Page_Allrecipes - Signin/input_Existing Allrecipes users_txtUserNameOrEmail"), "romilovesvball@hotmail.com"): Text 'romilovesvball@hotmail.com' is set on object 'Object Repository/Page_Allrecipes - Signin/input_Existing Allrecipes users_txtUserNameOrEmail'&#xD;
&#xD;
2019-08-26 18:03:11 - [MESSAGE][PASSED] - Text 'romilovesvball@hotmail.com' is set on object 'Object Repository/Page_Allrecipes - Signin/input_Existing Allrecipes users_txtUserNameOrEmail'&#xD;
&#xD;
2019-08-26 18:03:11 - [TEST_STEP][PASSED] - setEncryptedText(findTestObject("Page_Allrecipes - Signin/input_Existing Allrecipes users_password"), "CEPYRHojllAQGKkyi7TA0g=="): Text ****** has been set on object 'Object Repository/Page_Allrecipes - Signin/input_Existing Allrecipes users_password'&#xD;
&#xD;
2019-08-26 18:03:11 - [MESSAGE][PASSED] - Text ****** has been set on object 'Object Repository/Page_Allrecipes - Signin/input_Existing Allrecipes users_password'&#xD;
&#xD;
2019-08-26 18:03:11 - [TEST_STEP][PASSED] - click(findTestObject("Page_Allrecipes - Signin/input_Forgot password_submitLogInForm")): Object: 'Object Repository/Page_Allrecipes - Signin/input_Forgot password_submitLogInForm' is clicked on&#xD;
&#xD;
2019-08-26 18:03:18 - [MESSAGE][PASSED] - Object: 'Object Repository/Page_Allrecipes - Signin/input_Forgot password_submitLogInForm' is clicked on&#xD;
&#xD;
2019-08-26 18:03:18 - [TEST_STEP][PASSED] - setText(findTestObject("Page_Allrecipes  Food friends and recipe inspiration/input_BROWSE_searchText"), "mac 'n' cheese"): Text 'mac 'n' cheese' is set on object 'Object Repository/Page_Allrecipes  Food friends and recipe inspiration/input_BROWSE_searchText'&#xD;
&#xD;
2019-08-26 18:03:20 - [MESSAGE][PASSED] - Text 'mac 'n' cheese' is set on object 'Object Repository/Page_Allrecipes  Food friends and recipe inspiration/input_BROWSE_searchText'&#xD;
&#xD;
2019-08-26 18:03:20 - [TEST_STEP][PASSED] - click(findTestObject("Page_Allrecipes - Authentication Welcome/span_BROWSE-search-magnify-dims")): Object: 'Object Repository/Page_Allrecipes - Authentication Welcome/span_BROWSE-search-magnify-dims' is clicked on&#xD;
&#xD;
2019-08-26 18:03:27 - [MESSAGE][PASSED] - Object: 'Object Repository/Page_Allrecipes - Authentication Welcome/span_BROWSE-search-magnify-dims' is clicked on&#xD;
&#xD;
2019-08-26 18:03:27 - [TEST_STEP][PASSED] - click(findTestObject("Page_Search - Allrecipescom/span_romilovesvball")): Object: 'Object Repository/Page_Search - Allrecipescom/span_romilovesvball' is clicked on&#xD;
&#xD;
2019-08-26 18:03:31 - [MESSAGE][PASSED] - Object: 'Object Repository/Page_Search - Allrecipescom/span_romilovesvball' is clicked on&#xD;
&#xD;
2019-08-26 18:03:31 - [TEST_STEP][PASSED] - click(findTestObject("Page_Search - Allrecipescom/button_Sign out")): Object: 'Object Repository/Page_Search - Allrecipescom/button_Sign out' is clicked on&#xD;
&#xD;
2019-08-26 18:03:36 - [MESSAGE][PASSED] - Object: 'Object Repository/Page_Search - Allrecipescom/button_Sign out' is clicked on&#xD;
&#xD;
2019-08-26 18:03:36 - [TEST_STEP][PASSED] - closeBrowser(): Browser is closed&#xD;
&#xD;
2019-08-26 18:03:37 - [MESSAGE][PASSED] - Browser is closed</system-out>
            <system-err></system-err>
        </testcase>
        <testcase name="Test Cases/Day1_Homework/HWTestCase3_script" classname="Test Cases/Day1_Homework/HWTestCase3_script" status="PASSED">
            <system-out>2019-08-26 18:03:37 - [TEST_CASE][PASSED] - Test Cases/Day1_Homework/HWTestCase3_script: Test Cases/Day1_Homework/HWTestCase3_script&#xD;
&#xD;
2019-08-26 18:03:38 - [TEST_STEP][PASSED] - openBrowser(""): Browser is opened with url: ''&#xD;
&#xD;
2019-08-26 18:03:38 - [MESSAGE][INFO] - Starting 'Chrome' driver&#xD;
&#xD;
2019-08-26 18:03:40 - [MESSAGE][PASSED] - Browser is opened with url: ''&#xD;
&#xD;
2019-08-26 18:03:40 - [TEST_STEP][PASSED] - navigateToUrl("https://www.allrecipes.com"): Navigate to 'https://www.allrecipes.com' successfully&#xD;
&#xD;
2019-08-26 18:03:57 - [MESSAGE][PASSED] - Navigate to 'https://www.allrecipes.com' successfully&#xD;
&#xD;
2019-08-26 18:03:57 - [TEST_STEP][PASSED] - click(findTestObject("Page_Allrecipes  Food friends and recipe inspiration/div_img-profile-userhead-dims")): Object: 'Object Repository/Page_Allrecipes  Food friends and recipe inspiration/div_img-profile-userhead-dims' is clicked on&#xD;
&#xD;
2019-08-26 18:04:00 - [MESSAGE][PASSED] - Object: 'Object Repository/Page_Allrecipes  Food friends and recipe inspiration/div_img-profile-userhead-dims' is clicked on&#xD;
&#xD;
2019-08-26 18:04:00 - [TEST_STEP][PASSED] - click(findTestObject("Object Repository/Page_Allrecipes - Authentication Welcome/span_Sign in")): Object: 'Object Repository/Page_Allrecipes - Authentication Welcome/span_Sign in' is clicked on&#xD;
&#xD;
2019-08-26 18:04:02 - [MESSAGE][PASSED] - Object: 'Object Repository/Page_Allrecipes - Authentication Welcome/span_Sign in' is clicked on&#xD;
&#xD;
2019-08-26 18:04:02 - [TEST_STEP][PASSED] - setText(findTestObject("Page_Allrecipes - Signin/input_Existing Allrecipes users_txtUserNameOrEmail"), "romilovesvball@hotmail.com"): Text 'romilovesvball@hotmail.com' is set on object 'Object Repository/Page_Allrecipes - Signin/input_Existing Allrecipes users_txtUserNameOrEmail'&#xD;
&#xD;
2019-08-26 18:04:03 - [MESSAGE][PASSED] - Text 'romilovesvball@hotmail.com' is set on object 'Object Repository/Page_Allrecipes - Signin/input_Existing Allrecipes users_txtUserNameOrEmail'&#xD;
&#xD;
2019-08-26 18:04:03 - [TEST_STEP][PASSED] - setEncryptedText(findTestObject("Page_Allrecipes - Signin/input_Existing Allrecipes users_password"), "CEPYRHojllAQGKkyi7TA0g=="): Text ****** has been set on object 'Object Repository/Page_Allrecipes - Signin/input_Existing Allrecipes users_password'&#xD;
&#xD;
2019-08-26 18:04:03 - [MESSAGE][PASSED] - Text ****** has been set on object 'Object Repository/Page_Allrecipes - Signin/input_Existing Allrecipes users_password'&#xD;
&#xD;
2019-08-26 18:04:03 - [TEST_STEP][PASSED] - click(findTestObject("Page_Allrecipes - Signin/input_Forgot password_submitLogInForm")): Object: 'Object Repository/Page_Allrecipes - Signin/input_Forgot password_submitLogInForm' is clicked on&#xD;
&#xD;
2019-08-26 18:04:09 - [MESSAGE][PASSED] - Object: 'Object Repository/Page_Allrecipes - Signin/input_Forgot password_submitLogInForm' is clicked on&#xD;
&#xD;
2019-08-26 18:04:09 - [TEST_STEP][PASSED] - setText(findTestObject("Page_Allrecipes  Food friends and recipe inspiration/input_BROWSE_searchText"), "guacamole"): Text 'guacamole' is set on object 'Object Repository/Page_Allrecipes  Food friends and recipe inspiration/input_BROWSE_searchText'&#xD;
&#xD;
2019-08-26 18:04:12 - [MESSAGE][PASSED] - Text 'guacamole' is set on object 'Object Repository/Page_Allrecipes  Food friends and recipe inspiration/input_BROWSE_searchText'&#xD;
&#xD;
2019-08-26 18:04:12 - [TEST_STEP][PASSED] - click(findTestObject("Page_Allrecipes - Authentication Welcome/span_BROWSE-search-magnify-dims")): Object: 'Object Repository/Page_Allrecipes - Authentication Welcome/span_BROWSE-search-magnify-dims' is clicked on&#xD;
&#xD;
2019-08-26 18:04:18 - [MESSAGE][PASSED] - Object: 'Object Repository/Page_Allrecipes - Authentication Welcome/span_BROWSE-search-magnify-dims' is clicked on&#xD;
&#xD;
2019-08-26 18:04:18 - [TEST_STEP][PASSED] - click(findTestObject("Object Repository/Page_Search - Allrecipescom/span_romilovesvball")): Object: 'Object Repository/Page_Search - Allrecipescom/span_romilovesvball' is clicked on&#xD;
&#xD;
2019-08-26 18:04:22 - [MESSAGE][PASSED] - Object: 'Object Repository/Page_Search - Allrecipescom/span_romilovesvball' is clicked on&#xD;
&#xD;
2019-08-26 18:04:22 - [TEST_STEP][PASSED] - closeBrowser(): Browser is closed&#xD;
&#xD;
2019-08-26 18:04:24 - [MESSAGE][PASSED] - Browser is closed</system-out>
            <system-err></system-err>
        </testcase>
        <system-out>2019-08-26 18:02:34 - [TEST_SUITE][INCOMPLETE] - HWTestSuite2: null</system-out>
        <system-err>2019-08-26 18:02:34 - [TEST_SUITE][INCOMPLETE] - HWTestSuite2: null</system-err>
    </testsuite>
</testsuites>
