<?xml version="1.0" encoding="UTF-8" standalone="yes"?>
<testsuites name="HWTestSuite2" time="479" tests="2" failures="0" errors="0">
    <testsuite name="HWTestSuite2" tests="2" failures="0" errors="0" time="479" timestamp="2019-08-26 18:07:06" hostname="romi.weiss - VAN-BT-L021.1800GOTJUNK.com" id="Test Suites/Day1_Homework/HWTestSuite2">
        <properties>
            <property name="deviceName" value=""/>
            <property name="devicePlatform" value=""/>
            <property name="logFolder" value="C:\\Users\\romi.weiss\\KatalonDemo_Aug26\\Reports\\20190826_180658\\Day1_Homework\\HWTestSuite2\\20190826_180659"/>
            <property name="logFiles" value="C:\\Users\\romi.weiss\\KatalonDemo_Aug26\\Reports\\20190826_180658\\Day1_Homework\\HWTestSuite2\\20190826_180659\\execution0.log"/>
            <property name="attachments" value=""/>
            <property name="hostName" value="romi.weiss - VAN-BT-L021.1800GOTJUNK.com"/>
            <property name="os" value="Windows 10 64bit"/>
            <property name="katalonVersion" value="6.3.2.4"/>
            <property name="browser" value="Chrome 76.0.3809.100"/>
            <property name="hostAddress" value="10.101.2.14"/>
            <property name="sessionId" value="b432459acfb733acdda151c883877b5e"/>
            <property name="seleniumVersion" value="3.141.59"/>
            <property name="proxyInformation" value="ProxyInformation{proxyOption=NO_PROXY, proxyServerType=HTTP, password=, proxyServerAddress=, proxyServerPort=0}"/>
            <property name="platform" value="Windows 10"/>
        </properties>
        <testcase name="Test Cases/Day1_Homework/HWTestCase2_manual" classname="Test Cases/Day1_Homework/HWTestCase2_manual" status="PASSED">
            <system-out>2019-08-26 18:07:07 - [TEST_CASE][PASSED] - Test Cases/Day1_Homework/HWTestCase2_manual: Test Cases/Day1_Homework/HWTestCase2_manual&#xD;
&#xD;
2019-08-26 18:07:09 - [TEST_STEP][PASSED] - openBrowser(""): Browser is opened with url: ''&#xD;
&#xD;
2019-08-26 18:07:10 - [MESSAGE][INFO] - Starting 'Chrome' driver&#xD;
&#xD;
2019-08-26 18:07:10 - [MESSAGE][INFO] - Action delay is set to 0 seconds&#xD;
&#xD;
2019-08-26 18:07:15 - [MESSAGE][PASSED] - Browser is opened with url: ''&#xD;
&#xD;
2019-08-26 18:07:15 - [TEST_STEP][PASSED] - navigateToUrl("https://www.allrecipes.com"): Navigate to 'https://www.allrecipes.com' successfully&#xD;
&#xD;
2019-08-26 18:07:58 - [MESSAGE][PASSED] - Navigate to 'https://www.allrecipes.com' successfully&#xD;
&#xD;
2019-08-26 18:07:58 - [TEST_STEP][PASSED] - click(findTestObject("Page_Allrecipes  Food friends and recipe inspiration/div_img-profile-userhead-dims")): Object: 'Object Repository/Page_Allrecipes  Food friends and recipe inspiration/div_img-profile-userhead-dims' is clicked on&#xD;
&#xD;
2019-08-26 18:08:03 - [MESSAGE][PASSED] - Object: 'Object Repository/Page_Allrecipes  Food friends and recipe inspiration/div_img-profile-userhead-dims' is clicked on&#xD;
&#xD;
2019-08-26 18:08:03 - [TEST_STEP][PASSED] - click(findTestObject("Page_Allrecipes - Authentication Welcome/span_Sign in")): Object: 'Object Repository/Page_Allrecipes - Authentication Welcome/span_Sign in' is clicked on&#xD;
&#xD;
2019-08-26 18:08:11 - [MESSAGE][PASSED] - Object: 'Object Repository/Page_Allrecipes - Authentication Welcome/span_Sign in' is clicked on&#xD;
&#xD;
2019-08-26 18:08:11 - [TEST_STEP][PASSED] - setText(findTestObject("Page_Allrecipes - Signin/input_Existing Allrecipes users_txtUserNameOrEmail"), "romilovesvball@hotmail.com"): Text 'romilovesvball@hotmail.com' is set on object 'Object Repository/Page_Allrecipes - Signin/input_Existing Allrecipes users_txtUserNameOrEmail'&#xD;
&#xD;
2019-08-26 18:08:18 - [MESSAGE][PASSED] - Text 'romilovesvball@hotmail.com' is set on object 'Object Repository/Page_Allrecipes - Signin/input_Existing Allrecipes users_txtUserNameOrEmail'&#xD;
&#xD;
2019-08-26 18:08:18 - [TEST_STEP][PASSED] - setEncryptedText(findTestObject("Page_Allrecipes - Signin/input_Existing Allrecipes users_password"), "CEPYRHojllAQGKkyi7TA0g=="): Text ****** has been set on object 'Object Repository/Page_Allrecipes - Signin/input_Existing Allrecipes users_password'&#xD;
&#xD;
2019-08-26 18:08:19 - [MESSAGE][PASSED] - Text ****** has been set on object 'Object Repository/Page_Allrecipes - Signin/input_Existing Allrecipes users_password'&#xD;
&#xD;
2019-08-26 18:08:19 - [TEST_STEP][PASSED] - click(findTestObject("Page_Allrecipes - Signin/input_Forgot password_submitLogInForm")): Object: 'Object Repository/Page_Allrecipes - Signin/input_Forgot password_submitLogInForm' is clicked on&#xD;
&#xD;
2019-08-26 18:09:55 - [MESSAGE][PASSED] - Object: 'Object Repository/Page_Allrecipes - Signin/input_Forgot password_submitLogInForm' is clicked on&#xD;
&#xD;
2019-08-26 18:09:55 - [TEST_STEP][PASSED] - setText(findTestObject("Page_Allrecipes  Food friends and recipe inspiration/input_BROWSE_searchText"), "mac 'n' cheese"): Text 'mac 'n' cheese' is set on object 'Object Repository/Page_Allrecipes  Food friends and recipe inspiration/input_BROWSE_searchText'&#xD;
&#xD;
2019-08-26 18:09:56 - [MESSAGE][PASSED] - Text 'mac 'n' cheese' is set on object 'Object Repository/Page_Allrecipes  Food friends and recipe inspiration/input_BROWSE_searchText'&#xD;
&#xD;
2019-08-26 18:09:56 - [TEST_STEP][PASSED] - click(findTestObject("Page_Allrecipes - Authentication Welcome/span_BROWSE-search-magnify-dims")): Object: 'Object Repository/Page_Allrecipes - Authentication Welcome/span_BROWSE-search-magnify-dims' is clicked on&#xD;
&#xD;
2019-08-26 18:10:32 - [MESSAGE][PASSED] - Object: 'Object Repository/Page_Allrecipes - Authentication Welcome/span_BROWSE-search-magnify-dims' is clicked on&#xD;
&#xD;
2019-08-26 18:10:32 - [TEST_STEP][PASSED] - click(findTestObject("Page_Search - Allrecipescom/span_romilovesvball")): Object: 'Object Repository/Page_Search - Allrecipescom/span_romilovesvball' is clicked on&#xD;
&#xD;
2019-08-26 18:10:33 - [MESSAGE][PASSED] - Object: 'Object Repository/Page_Search - Allrecipescom/span_romilovesvball' is clicked on&#xD;
&#xD;
2019-08-26 18:10:33 - [TEST_STEP][PASSED] - click(findTestObject("Page_Search - Allrecipescom/button_Sign out")): Object: 'Object Repository/Page_Search - Allrecipescom/button_Sign out' is clicked on&#xD;
&#xD;
2019-08-26 18:11:05 - [MESSAGE][PASSED] - Object: 'Object Repository/Page_Search - Allrecipescom/button_Sign out' is clicked on&#xD;
&#xD;
2019-08-26 18:11:05 - [TEST_STEP][PASSED] - closeBrowser(): Browser is closed&#xD;
&#xD;
2019-08-26 18:11:07 - [MESSAGE][PASSED] - Browser is closed</system-out>
            <system-err></system-err>
        </testcase>
        <testcase name="Test Cases/Day1_Homework/HWTestCase3_script" classname="Test Cases/Day1_Homework/HWTestCase3_script" status="PASSED">
            <system-out>2019-08-26 18:11:07 - [TEST_CASE][PASSED] - Test Cases/Day1_Homework/HWTestCase3_script: Test Cases/Day1_Homework/HWTestCase3_script&#xD;
&#xD;
2019-08-26 18:11:08 - [TEST_STEP][PASSED] - openBrowser(""): Browser is opened with url: ''&#xD;
&#xD;
2019-08-26 18:11:08 - [MESSAGE][INFO] - Starting 'Chrome' driver&#xD;
&#xD;
2019-08-26 18:11:13 - [MESSAGE][PASSED] - Browser is opened with url: ''&#xD;
&#xD;
2019-08-26 18:11:13 - [TEST_STEP][PASSED] - navigateToUrl("https://www.allrecipes.com"): Navigate to 'https://www.allrecipes.com' successfully&#xD;
&#xD;
2019-08-26 18:13:47 - [MESSAGE][PASSED] - Navigate to 'https://www.allrecipes.com' successfully&#xD;
&#xD;
2019-08-26 18:13:47 - [TEST_STEP][PASSED] - click(findTestObject("Page_Allrecipes  Food friends and recipe inspiration/div_img-profile-userhead-dims")): Object: 'Object Repository/Page_Allrecipes  Food friends and recipe inspiration/div_img-profile-userhead-dims' is clicked on&#xD;
&#xD;
2019-08-26 18:13:56 - [MESSAGE][PASSED] - Object: 'Object Repository/Page_Allrecipes  Food friends and recipe inspiration/div_img-profile-userhead-dims' is clicked on&#xD;
&#xD;
2019-08-26 18:13:56 - [TEST_STEP][PASSED] - click(findTestObject("Object Repository/Page_Allrecipes - Authentication Welcome/span_Sign in")): Object: 'Object Repository/Page_Allrecipes - Authentication Welcome/span_Sign in' is clicked on&#xD;
&#xD;
2019-08-26 18:14:13 - [MESSAGE][PASSED] - Object: 'Object Repository/Page_Allrecipes - Authentication Welcome/span_Sign in' is clicked on&#xD;
&#xD;
2019-08-26 18:14:13 - [TEST_STEP][PASSED] - setText(findTestObject("Page_Allrecipes - Signin/input_Existing Allrecipes users_txtUserNameOrEmail"), "romilovesvball@hotmail.com"): Text 'romilovesvball@hotmail.com' is set on object 'Object Repository/Page_Allrecipes - Signin/input_Existing Allrecipes users_txtUserNameOrEmail'&#xD;
&#xD;
2019-08-26 18:14:15 - [MESSAGE][PASSED] - Text 'romilovesvball@hotmail.com' is set on object 'Object Repository/Page_Allrecipes - Signin/input_Existing Allrecipes users_txtUserNameOrEmail'&#xD;
&#xD;
2019-08-26 18:14:15 - [TEST_STEP][PASSED] - setEncryptedText(findTestObject("Page_Allrecipes - Signin/input_Existing Allrecipes users_password"), "CEPYRHojllAQGKkyi7TA0g=="): Text ****** has been set on object 'Object Repository/Page_Allrecipes - Signin/input_Existing Allrecipes users_password'&#xD;
&#xD;
2019-08-26 18:14:16 - [MESSAGE][PASSED] - Text ****** has been set on object 'Object Repository/Page_Allrecipes - Signin/input_Existing Allrecipes users_password'&#xD;
&#xD;
2019-08-26 18:14:16 - [TEST_STEP][PASSED] - click(findTestObject("Page_Allrecipes - Signin/input_Forgot password_submitLogInForm")): Object: 'Object Repository/Page_Allrecipes - Signin/input_Forgot password_submitLogInForm' is clicked on&#xD;
&#xD;
2019-08-26 18:14:38 - [MESSAGE][PASSED] - Object: 'Object Repository/Page_Allrecipes - Signin/input_Forgot password_submitLogInForm' is clicked on&#xD;
&#xD;
2019-08-26 18:14:38 - [TEST_STEP][PASSED] - setText(findTestObject("Page_Allrecipes  Food friends and recipe inspiration/input_BROWSE_searchText"), "guacamole"): Text 'guacamole' is set on object 'Object Repository/Page_Allrecipes  Food friends and recipe inspiration/input_BROWSE_searchText'&#xD;
&#xD;
2019-08-26 18:14:39 - [MESSAGE][PASSED] - Text 'guacamole' is set on object 'Object Repository/Page_Allrecipes  Food friends and recipe inspiration/input_BROWSE_searchText'&#xD;
&#xD;
2019-08-26 18:14:39 - [TEST_STEP][PASSED] - click(findTestObject("Page_Allrecipes - Authentication Welcome/span_BROWSE-search-magnify-dims")): Object: 'Object Repository/Page_Allrecipes - Authentication Welcome/span_BROWSE-search-magnify-dims' is clicked on&#xD;
&#xD;
2019-08-26 18:15:03 - [MESSAGE][PASSED] - Object: 'Object Repository/Page_Allrecipes - Authentication Welcome/span_BROWSE-search-magnify-dims' is clicked on&#xD;
&#xD;
2019-08-26 18:15:03 - [TEST_STEP][PASSED] - click(findTestObject("Object Repository/Page_Search - Allrecipescom/span_romilovesvball")): Object: 'Object Repository/Page_Search - Allrecipescom/span_romilovesvball' is clicked on&#xD;
&#xD;
2019-08-26 18:15:04 - [MESSAGE][PASSED] - Object: 'Object Repository/Page_Search - Allrecipescom/span_romilovesvball' is clicked on&#xD;
&#xD;
2019-08-26 18:15:04 - [TEST_STEP][PASSED] - closeBrowser(): Browser is closed&#xD;
&#xD;
2019-08-26 18:15:06 - [MESSAGE][PASSED] - Browser is closed</system-out>
            <system-err></system-err>
        </testcase>
        <system-out>2019-08-26 18:07:06 - [TEST_SUITE][INCOMPLETE] - HWTestSuite2: null</system-out>
        <system-err>2019-08-26 18:07:06 - [TEST_SUITE][INCOMPLETE] - HWTestSuite2: null</system-err>
    </testsuite>
</testsuites>
