<?xml version="1.0" encoding="UTF-8" standalone="yes"?>
<testsuites name="HWTestSuite1" time="126" tests="1" failures="0" errors="0">
    <testsuite name="HWTestSuite1" tests="1" failures="0" errors="0" time="126" timestamp="2019-08-26 17:58:36" hostname="romi.weiss - VAN-BT-L021.1800GOTJUNK.com" id="Test Suites/Day1_Homework/HWTestSuite1">
        <properties>
            <property name="deviceName" value=""/>
            <property name="devicePlatform" value=""/>
            <property name="logFolder" value="C:\\Users\\romi.weiss\\KatalonDemo_Aug26\\Reports\\20190826_175830\\Day1_Homework\\HWTestSuite1\\20190826_175831"/>
            <property name="logFiles" value="C:\\Users\\romi.weiss\\KatalonDemo_Aug26\\Reports\\20190826_175830\\Day1_Homework\\HWTestSuite1\\20190826_175831\\execution0.log"/>
            <property name="attachments" value=""/>
            <property name="hostName" value="romi.weiss - VAN-BT-L021.1800GOTJUNK.com"/>
            <property name="os" value="Windows 10 64bit"/>
            <property name="katalonVersion" value="6.3.2.4"/>
            <property name="browser" value="Chrome 76.0.3809.100"/>
            <property name="hostAddress" value="10.101.2.14"/>
            <property name="sessionId" value="3f85e231edda401b16aa1629f516bbc8"/>
            <property name="seleniumVersion" value="3.141.59"/>
            <property name="proxyInformation" value="ProxyInformation{proxyOption=NO_PROXY, proxyServerType=HTTP, password=, proxyServerAddress=, proxyServerPort=0}"/>
            <property name="platform" value="Windows 10"/>
        </properties>
        <testcase name="Test Cases/Day1_Homework/HWTestCase1_record" classname="Test Cases/Day1_Homework/HWTestCase1_record" status="PASSED">
            <system-out>2019-08-26 17:58:37 - [TEST_CASE][PASSED] - Test Cases/Day1_Homework/HWTestCase1_record: Test Cases/Day1_Homework/HWTestCase1_record&#xD;
&#xD;
2019-08-26 17:58:39 - [TEST_STEP][PASSED] - openBrowser(""): Browser is opened with url: ''&#xD;
&#xD;
2019-08-26 17:58:40 - [MESSAGE][INFO] - Starting 'Chrome' driver&#xD;
&#xD;
2019-08-26 17:58:40 - [MESSAGE][INFO] - Action delay is set to 0 seconds&#xD;
&#xD;
2019-08-26 17:58:46 - [MESSAGE][PASSED] - Browser is opened with url: ''&#xD;
&#xD;
2019-08-26 17:58:46 - [TEST_STEP][PASSED] - navigateToUrl("https://www.allrecipes.com/"): Navigate to 'https://www.allrecipes.com/' successfully&#xD;
&#xD;
2019-08-26 17:59:30 - [MESSAGE][PASSED] - Navigate to 'https://www.allrecipes.com/' successfully&#xD;
&#xD;
2019-08-26 17:59:30 - [TEST_STEP][PASSED] - click(findTestObject("Page_Allrecipes  Food friends and recipe inspiration/div_img-profile-userhead-dims")): Object: 'Object Repository/Page_Allrecipes  Food friends and recipe inspiration/div_img-profile-userhead-dims' is clicked on&#xD;
&#xD;
2019-08-26 17:59:36 - [MESSAGE][PASSED] - Object: 'Object Repository/Page_Allrecipes  Food friends and recipe inspiration/div_img-profile-userhead-dims' is clicked on&#xD;
&#xD;
2019-08-26 17:59:36 - [TEST_STEP][PASSED] - click(findTestObject("Page_Allrecipes - Authentication Welcome/span_Sign in")): Object: 'Object Repository/Page_Allrecipes - Authentication Welcome/span_Sign in' is clicked on&#xD;
&#xD;
2019-08-26 17:59:40 - [MESSAGE][PASSED] - Object: 'Object Repository/Page_Allrecipes - Authentication Welcome/span_Sign in' is clicked on&#xD;
&#xD;
2019-08-26 17:59:40 - [TEST_STEP][PASSED] - setText(findTestObject("Page_Allrecipes - Signin/input_Existing Allrecipes users_txtUserNameOrEmail"), "romilovesvball@hotmail.com"): Text 'romilovesvball@hotmail.com' is set on object 'Object Repository/Page_Allrecipes - Signin/input_Existing Allrecipes users_txtUserNameOrEmail'&#xD;
&#xD;
2019-08-26 17:59:41 - [MESSAGE][PASSED] - Text 'romilovesvball@hotmail.com' is set on object 'Object Repository/Page_Allrecipes - Signin/input_Existing Allrecipes users_txtUserNameOrEmail'&#xD;
&#xD;
2019-08-26 17:59:41 - [TEST_STEP][PASSED] - setEncryptedText(findTestObject("Page_Allrecipes - Signin/input_Existing Allrecipes users_password"), "CEPYRHojllAQGKkyi7TA0g=="): Text ****** has been set on object 'Object Repository/Page_Allrecipes - Signin/input_Existing Allrecipes users_password'&#xD;
&#xD;
2019-08-26 17:59:41 - [MESSAGE][PASSED] - Text ****** has been set on object 'Object Repository/Page_Allrecipes - Signin/input_Existing Allrecipes users_password'&#xD;
&#xD;
2019-08-26 17:59:41 - [TEST_STEP][PASSED] - click(findTestObject("Page_Allrecipes - Signin/input_Forgot password_submitLogInForm")): Object: 'Object Repository/Page_Allrecipes - Signin/input_Forgot password_submitLogInForm' is clicked on&#xD;
&#xD;
2019-08-26 18:00:06 - [MESSAGE][PASSED] - Object: 'Object Repository/Page_Allrecipes - Signin/input_Forgot password_submitLogInForm' is clicked on&#xD;
&#xD;
2019-08-26 18:00:06 - [TEST_STEP][PASSED] - setText(findTestObject("Page_Allrecipes  Food friends and recipe inspiration/input_BROWSE_searchText"), "meatballs"): Text 'meatballs' is set on object 'Object Repository/Page_Allrecipes  Food friends and recipe inspiration/input_BROWSE_searchText'&#xD;
&#xD;
2019-08-26 18:00:07 - [MESSAGE][PASSED] - Text 'meatballs' is set on object 'Object Repository/Page_Allrecipes  Food friends and recipe inspiration/input_BROWSE_searchText'&#xD;
&#xD;
2019-08-26 18:00:07 - [TEST_STEP][PASSED] - click(findTestObject("Page_Allrecipes - Authentication Welcome/span_BROWSE-search-magnify-dims")): Object: 'Object Repository/Page_Allrecipes - Authentication Welcome/span_BROWSE-search-magnify-dims' is clicked on&#xD;
&#xD;
2019-08-26 18:00:30 - [MESSAGE][PASSED] - Object: 'Object Repository/Page_Allrecipes - Authentication Welcome/span_BROWSE-search-magnify-dims' is clicked on&#xD;
&#xD;
2019-08-26 18:00:30 - [TEST_STEP][PASSED] - click(findTestObject("Object Repository/Page_Search - Allrecipescom/span_romilovesvball")): Object: 'Object Repository/Page_Search - Allrecipescom/span_romilovesvball' is clicked on&#xD;
&#xD;
2019-08-26 18:00:30 - [MESSAGE][PASSED] - Object: 'Object Repository/Page_Search - Allrecipescom/span_romilovesvball' is clicked on&#xD;
&#xD;
2019-08-26 18:00:30 - [TEST_STEP][PASSED] - click(findTestObject("Page_Search - Allrecipescom/button_Sign out")): Object: 'Object Repository/Page_Search - Allrecipescom/button_Sign out' is clicked on&#xD;
&#xD;
2019-08-26 18:00:42 - [MESSAGE][PASSED] - Object: 'Object Repository/Page_Search - Allrecipescom/button_Sign out' is clicked on&#xD;
&#xD;
2019-08-26 18:00:42 - [TEST_STEP][PASSED] - closeBrowser(): Browser is closed&#xD;
&#xD;
2019-08-26 18:00:43 - [MESSAGE][PASSED] - Browser is closed</system-out>
            <system-err></system-err>
        </testcase>
        <system-out>2019-08-26 17:58:36 - [TEST_SUITE][INCOMPLETE] - HWTestSuite1: null</system-out>
        <system-err>2019-08-26 17:58:36 - [TEST_SUITE][INCOMPLETE] - HWTestSuite1: null</system-err>
    </testsuite>
</testsuites>
